NotePad/app/build/intermediates/manifest_merge_blame_file/debug/manifest-merger-blame-debug-report.txt
1<?xml version="1.0" encoding="utf-8"?>
2<!--
3 Copyright (C) 2007 The Android Open Source Project
4
5     Licensed under the Apache License, Version 2.0 (the "License");
6     you may not use this file except in compliance with the License.
7     You may obtain a copy of the License at
8
9          http://www.apache.org/licenses/LICENSE-2.0
10
11     Unless required by applicable law or agreed to in writing, software
12     distributed under the License is distributed on an "AS IS" BASIS,
13     WITHOUT WARRANTIES OR CONDITIONS OF ANY KIND, either express or implied.
14     See the License for the specific language governing permissions and
15     limitations under the License.
16-->
17<!--
18 Declare the contents of this Android application.  The namespace
19     attribute brings in the Android platform namespace, and the package
20     supplies a unique name for the application.  When writing your
21     own application, the package name must be changed from "com.example.*"
22     to come from a domain that you own or have control over.
23-->
24<manifest xmlns:android="http://schemas.android.com/apk/res/android"
25    package="com.example.android.notepad" >
26
27    <uses-sdk
28        android:minSdkVersion="21"
28-->src\main\AndroidManifest.xml
29        android:targetSdkVersion="33" />
29-->src\main\AndroidManifest.xml
30    <!-- 在SD卡中创建与删除文件权限 -->
31    <uses-permission android:name="android.permission.MOUNT_UNMOUNT_FILESYSTEMS" />
31-->src\main\AndroidManifest.xml:130:5-83
31-->src\main\AndroidManifest.xml:130:22-81
32    <!-- 向SD卡写入数据权限 -->
33    <uses-permission android:name="android.permission.WRITE_EXTERNAL_STORAGE" />
33-->src\main\AndroidManifest.xml:132:5-80
33-->src\main\AndroidManifest.xml:132:22-78
34
35    <application
35-->src\main\AndroidManifest.xml:26:5-128:19
36        android:debuggable="true"
37        android:icon="@drawable/app_notes"
37-->src\main\AndroidManifest.xml:26:18-52
38        android:label="@string/app_name"
38-->src\main\AndroidManifest.xml:27:9-41
39        android:testOnly="true" >
40        <provider
40-->src\main\AndroidManifest.xml:29:9-33:20
41            android:name="com.example.android.notepad.NotePadProvider"
41-->src\main\AndroidManifest.xml:29:19-49
42            android:authorities="com.google.provider.NotePad"
42-->src\main\AndroidManifest.xml:30:13-62
43            android:exported="false" >
43-->src\main\AndroidManifest.xml:31:13-37
44            <grant-uri-permission android:pathPattern=".*" />
44-->src\main\AndroidManifest.xml:32:13-62
44-->src\main\AndroidManifest.xml:32:35-59
45        </provider>
46
47        <activity
47-->src\main\AndroidManifest.xml:35:9-54:20
48            android:name="com.example.android.notepad.NotesList"
48-->src\main\AndroidManifest.xml:35:19-43
49            android:exported="true"
49-->src\main\AndroidManifest.xml:36:13-36
50            android:label="@string/title_notes_list" >
50-->src\main\AndroidManifest.xml:35:44-84
51            <intent-filter>
51-->src\main\AndroidManifest.xml:37:13-40:29
52                <action android:name="android.intent.action.MAIN" />
52-->src\main\AndroidManifest.xml:38:17-69
52-->src\main\AndroidManifest.xml:38:25-66
53
54                <category android:name="android.intent.category.LAUNCHER" />
54-->src\main\AndroidManifest.xml:39:17-77
54-->src\main\AndroidManifest.xml:39:27-74
55            </intent-filter>
56            <intent-filter android:label="@string/resolve_edit" >
56-->src\main\AndroidManifest.xml:41:13-48:29
56-->src\main\AndroidManifest.xml:41:28-64
57                <action android:name="android.intent.action.EDIT" />
57-->src\main\AndroidManifest.xml:43:17-69
57-->src\main\AndroidManifest.xml:43:25-66
58                <action android:name="com.android.notepad.action.EDIT_NOTE" />
58-->src\main\AndroidManifest.xml:44:17-79
58-->src\main\AndroidManifest.xml:44:25-76
59
60                <category android:name="android.intent.category.OPENABLE" />
60-->src\main\AndroidManifest.xml:45:17-76
60-->src\main\AndroidManifest.xml:45:27-74
61                <category android:name="android.intent.category.DEFAULT" />
61-->src\main\AndroidManifest.xml:46:17-76
61-->src\main\AndroidManifest.xml:46:27-73
62
63                <data android:mimeType="vnd.android.cursor.item/vnd.google.note" />
63-->src\main\AndroidManifest.xml:47:17-84
63-->src\main\AndroidManifest.xml:47:23-81
64            </intent-filter>
65            <intent-filter>
65-->src\main\AndroidManifest.xml:49:13-53:29
66                <action android:name="android.intent.action.GET_CONTENT" />
66-->src\main\AndroidManifest.xml:50:17-76
66-->src\main\AndroidManifest.xml:50:25-73
67
68                <category android:name="android.intent.category.DEFAULT" />
68-->src\main\AndroidManifest.xml:46:17-76
68-->src\main\AndroidManifest.xml:46:27-73
69
70                <data android:mimeType="vnd.android.cursor.item/vnd.google.note" />
70-->src\main\AndroidManifest.xml:47:17-84
70-->src\main\AndroidManifest.xml:47:23-81
71            </intent-filter>
72        </activity>
73        <activity
73-->src\main\AndroidManifest.xml:56:9-83:20
74            android:name="com.example.android.notepad.NoteEditor"
74-->src\main\AndroidManifest.xml:56:19-44
75            android:configChanges="keyboardHidden|orientation"
75-->src\main\AndroidManifest.xml:59:13-63
76            android:exported="true"
76-->src\main\AndroidManifest.xml:60:13-36
77            android:screenOrientation="sensor"
77-->src\main\AndroidManifest.xml:58:13-47
78            android:theme="@android:style/Theme.Holo.Light" >
78-->src\main\AndroidManifest.xml:57:13-60
79
80            <!--
81                 This filter says that we can view or edit the data of
82                 a single note
83            -->
84            <intent-filter android:label="@string/resolve_edit" >
84-->src\main\AndroidManifest.xml:41:13-48:29
84-->src\main\AndroidManifest.xml:41:28-64
85                <action android:name="android.intent.action.EDIT" />
85-->src\main\AndroidManifest.xml:43:17-69
85-->src\main\AndroidManifest.xml:43:25-66
86                <action android:name="com.android.notepad.action.EDIT_NOTE" />
86-->src\main\AndroidManifest.xml:44:17-79
86-->src\main\AndroidManifest.xml:44:25-76
87
88                <category android:name="android.intent.category.OPENABLE" />
88-->src\main\AndroidManifest.xml:45:17-76
88-->src\main\AndroidManifest.xml:45:27-74
89                <category android:name="android.intent.category.DEFAULT" />
89-->src\main\AndroidManifest.xml:46:17-76
89-->src\main\AndroidManifest.xml:46:27-73
90
91                <data android:mimeType="vnd.android.cursor.item/vnd.google.note" />
91-->src\main\AndroidManifest.xml:47:17-84
91-->src\main\AndroidManifest.xml:47:23-81
92            </intent-filter>
93
94            <!--
95                 This filter says that we can create a new note inside
96                 of a directory of notes.  The INSERT action creates an
97                 empty note; the PASTE action initializes a new note from
98                 the current contents of the clipboard.
99            -->
100            <intent-filter>
100-->src\main\AndroidManifest.xml:76:13-81:29
101                <action android:name="android.intent.action.INSERT" />
101-->src\main\AndroidManifest.xml:77:17-71
101-->src\main\AndroidManifest.xml:77:25-68
102                <action android:name="android.intent.action.PASTE" />
102-->src\main\AndroidManifest.xml:78:17-70
102-->src\main\AndroidManifest.xml:78:25-67
103
104                <category android:name="android.intent.category.DEFAULT" />
104-->src\main\AndroidManifest.xml:46:17-76
104-->src\main\AndroidManifest.xml:46:27-73
105
106                <data android:mimeType="vnd.android.cursor.dir/vnd.google.note" />
106-->src\main\AndroidManifest.xml:47:17-84
106-->src\main\AndroidManifest.xml:47:23-81
107            </intent-filter>
108        </activity>
109        <activity
109-->src\main\AndroidManifest.xml:85:9-111:20
110            android:name="com.example.android.notepad.TitleEditor"
110-->src\main\AndroidManifest.xml:85:19-45
111            android:exported="true"
111-->src\main\AndroidManifest.xml:90:13-36
112            android:icon="@drawable/ic_menu_edit"
112-->src\main\AndroidManifest.xml:87:13-50
113            android:label="@string/title_edit_title"
113-->src\main\AndroidManifest.xml:86:13-53
114            android:theme="@android:style/Theme.Holo.Dialog"
114-->src\main\AndroidManifest.xml:88:13-61
115            android:windowSoftInputMode="stateVisible" >
115-->src\main\AndroidManifest.xml:89:13-55
116
117            <!--
118                 This activity implements an alternative action that can be
119                 performed on notes: editing their title.  It can be used as
120                 a default operation if the user invokes this action, and is
121                 available as an alternative action for any note data.
122            -->
123            <intent-filter android:label="@string/resolve_title" >
123-->src\main\AndroidManifest.xml:95:13-110:29
123-->src\main\AndroidManifest.xml:95:28-65
124
125                <!--
126                     This is the action we perform.  It is a custom action we
127                     define for our application, not a generic VIEW or EDIT
128                     action since we are not a general note viewer/editor.
129                -->
130                <action android:name="com.android.notepad.action.EDIT_TITLE" />
130-->src\main\AndroidManifest.xml:99:17-80
130-->src\main\AndroidManifest.xml:99:25-77
131                <!-- DEFAULT: execute if being directly invoked. -->
132                <category android:name="android.intent.category.DEFAULT" />
132-->src\main\AndroidManifest.xml:46:17-76
132-->src\main\AndroidManifest.xml:46:27-73
133                <!--
134                     ALTERNATIVE: show as an alternative action when the user is
135                     working with this type of data.
136                -->
137                <category android:name="android.intent.category.ALTERNATIVE" />
137-->src\main\AndroidManifest.xml:104:17-80
137-->src\main\AndroidManifest.xml:104:27-77
138                <!--
139                     SELECTED_ALTERNATIVE: show as an alternative action the user
140                     can perform when selecting this type of data.
141                -->
142                <category android:name="android.intent.category.SELECTED_ALTERNATIVE" />
142-->src\main\AndroidManifest.xml:107:17-89
142-->src\main\AndroidManifest.xml:107:27-86
143                <!-- This is the data type we operate on. -->
144                <data android:mimeType="vnd.android.cursor.item/vnd.google.note" />
144-->src\main\AndroidManifest.xml:47:17-84
144-->src\main\AndroidManifest.xml:47:23-81
145            </intent-filter>
146        </activity>
147        <activity
147-->src\main\AndroidManifest.xml:113:9-120:20
148            android:name="com.example.android.notepad.NotesLiveFolder"
148-->src\main\AndroidManifest.xml:113:19-49
149            android:exported="true"
149-->src\main\AndroidManifest.xml:115:13-36
150            android:icon="@drawable/live_folder_notes"
150-->src\main\AndroidManifest.xml:114:13-55
151            android:label="@string/live_folder_name" >
151-->src\main\AndroidManifest.xml:113:50-90
152            <intent-filter>
152-->src\main\AndroidManifest.xml:116:13-119:29
153                <action android:name="android.intent.action.CREATE_LIVE_FOLDER" />
153-->src\main\AndroidManifest.xml:117:17-83
153-->src\main\AndroidManifest.xml:117:25-80
154
155                <category android:name="android.intent.category.DEFAULT" />
155-->src\main\AndroidManifest.xml:46:17-76
155-->src\main\AndroidManifest.xml:46:27-73
156            </intent-filter>
157        </activity>
158        <activity
158-->src\main\AndroidManifest.xml:121:9-84
159            android:name="com.example.android.notepad.NoteSearch"
159-->src\main\AndroidManifest.xml:121:19-45
160            android:label="@string/search_note" />
160-->src\main\AndroidManifest.xml:121:46-81
161        <!-- 添加导出activity -->
162        <activity
162-->src\main\AndroidManifest.xml:123:9-127:20
163            android:name="com.example.android.notepad.OutputText"
163-->src\main\AndroidManifest.xml:123:19-44
164            android:label="@string/output_name"
164-->src\main\AndroidManifest.xml:124:13-48
165            android:theme="@android:style/Theme.Holo.Dialog"
165-->src\main\AndroidManifest.xml:125:13-61
166            android:windowSoftInputMode="stateVisible" >
166-->src\main\AndroidManifest.xml:126:13-55
167        </activity>
168    </application>
169
170</manifest>